<?xml version="1.0" encoding="UTF-8"?>
<!-- Generated by org.testng.reporters.JUnitReportReporter -->
<testsuite hostname="Gayatris-MacBook-Air.local" failures="0" tests="1" name="RunnerPkg.RunnerClass" time="0.040" errors="0" timestamp="2024-05-19T12:02:23 IST" skipped="0">
  <testcase classname="RunnerPkg.RunnerClass" name="runScenario" time="0.040"/>
  <system-out/>
</testsuite> <!-- RunnerPkg.RunnerClass -->
